<?xml version="1.0" encoding="UTF-8"?>
<!-- Generated by org.testng.reporters.JUnitReportReporter -->
<testsuite hostname="DESKTOP-5UM4KGC" failures="0" tests="3" name="shoppingCart.shoppingCart.shopingcartTest" time="13.264" errors="0" timestamp="2024-07-24T20:35:23 IST" skipped="0">
  <testcase classname="shoppingCart.shoppingCart.shopingcartTest" name="openurl" time="7.123"/>
  <testcase classname="shoppingCart.shoppingCart.shopingcartTest" name="loginwithregisteruser" time="0.290"/>
  <testcase classname="shoppingCart.shoppingCart.shopingcartTest" name="addingCart" time="5.851"/>
</testsuite> <!-- shoppingCart.shoppingCart.shopingcartTest -->
